0 info it worked if it ends with ok
1 verbose cli [ '/usr/bin/node', '/usr/bin/npm', 'install' ]
2 info using npm@3.10.10
3 info using node@v6.11.4
4 silly loadCurrentTree Starting
5 silly install loadCurrentTree
6 silly install readLocalPackageData
7 silly install normalizeTree
8 silly loadCurrentTree Finishing
9 silly loadIdealTree Starting
10 silly install loadIdealTree
11 silly cloneCurrentTree Starting
12 silly install cloneCurrentTreeToIdealTree
13 silly cloneCurrentTree Finishing
14 silly loadShrinkwrap Starting
15 silly install loadShrinkwrap
16 silly loadShrinkwrap Finishing
17 silly loadAllDepsIntoIdealTree Starting
18 silly install loadAllDepsIntoIdealTree
19 silly fetchNamedPackageData async
20 silly mapToRegistry name async
21 silly mapToRegistry using default registry
22 silly mapToRegistry registry https://registry.npmjs.org/
23 silly mapToRegistry data Result {
23 silly mapToRegistry   raw: 'async',
23 silly mapToRegistry   scope: null,
23 silly mapToRegistry   escapedName: 'async',
23 silly mapToRegistry   name: 'async',
23 silly mapToRegistry   rawSpec: '',
23 silly mapToRegistry   spec: 'latest',
23 silly mapToRegistry   type: 'tag' }
24 silly mapToRegistry uri https://registry.npmjs.org/async
25 silly fetchNamedPackageData base64-img
26 silly mapToRegistry name base64-img
27 silly mapToRegistry using default registry
28 silly mapToRegistry registry https://registry.npmjs.org/
29 silly mapToRegistry data Result {
29 silly mapToRegistry   raw: 'base64-img',
29 silly mapToRegistry   scope: null,
29 silly mapToRegistry   escapedName: 'base64-img',
29 silly mapToRegistry   name: 'base64-img',
29 silly mapToRegistry   rawSpec: '',
29 silly mapToRegistry   spec: 'latest',
29 silly mapToRegistry   type: 'tag' }
30 silly mapToRegistry uri https://registry.npmjs.org/base64-img
31 silly fetchNamedPackageData csv
32 silly mapToRegistry name csv
33 silly mapToRegistry using default registry
34 silly mapToRegistry registry https://registry.npmjs.org/
35 silly mapToRegistry data Result {
35 silly mapToRegistry   raw: 'csv',
35 silly mapToRegistry   scope: null,
35 silly mapToRegistry   escapedName: 'csv',
35 silly mapToRegistry   name: 'csv',
35 silly mapToRegistry   rawSpec: '',
35 silly mapToRegistry   spec: 'latest',
35 silly mapToRegistry   type: 'tag' }
36 silly mapToRegistry uri https://registry.npmjs.org/csv
37 silly fetchNamedPackageData csv-parse
38 silly mapToRegistry name csv-parse
39 silly mapToRegistry using default registry
40 silly mapToRegistry registry https://registry.npmjs.org/
41 silly mapToRegistry data Result {
41 silly mapToRegistry   raw: 'csv-parse',
41 silly mapToRegistry   scope: null,
41 silly mapToRegistry   escapedName: 'csv-parse',
41 silly mapToRegistry   name: 'csv-parse',
41 silly mapToRegistry   rawSpec: '',
41 silly mapToRegistry   spec: 'latest',
41 silly mapToRegistry   type: 'tag' }
42 silly mapToRegistry uri https://registry.npmjs.org/csv-parse
43 silly fetchNamedPackageData easyimage
44 silly mapToRegistry name easyimage
45 silly mapToRegistry using default registry
46 silly mapToRegistry registry https://registry.npmjs.org/
47 silly mapToRegistry data Result {
47 silly mapToRegistry   raw: 'easyimage',
47 silly mapToRegistry   scope: null,
47 silly mapToRegistry   escapedName: 'easyimage',
47 silly mapToRegistry   name: 'easyimage',
47 silly mapToRegistry   rawSpec: '',
47 silly mapToRegistry   spec: 'latest',
47 silly mapToRegistry   type: 'tag' }
48 silly mapToRegistry uri https://registry.npmjs.org/easyimage
49 silly fetchNamedPackageData ejs
50 silly mapToRegistry name ejs
51 silly mapToRegistry using default registry
52 silly mapToRegistry registry https://registry.npmjs.org/
53 silly mapToRegistry data Result {
53 silly mapToRegistry   raw: 'ejs',
53 silly mapToRegistry   scope: null,
53 silly mapToRegistry   escapedName: 'ejs',
53 silly mapToRegistry   name: 'ejs',
53 silly mapToRegistry   rawSpec: '',
53 silly mapToRegistry   spec: 'latest',
53 silly mapToRegistry   type: 'tag' }
54 silly mapToRegistry uri https://registry.npmjs.org/ejs
55 silly fetchNamedPackageData formidable
56 silly mapToRegistry name formidable
57 silly mapToRegistry using default registry
58 silly mapToRegistry registry https://registry.npmjs.org/
59 silly mapToRegistry data Result {
59 silly mapToRegistry   raw: 'formidable',
59 silly mapToRegistry   scope: null,
59 silly mapToRegistry   escapedName: 'formidable',
59 silly mapToRegistry   name: 'formidable',
59 silly mapToRegistry   rawSpec: '',
59 silly mapToRegistry   spec: 'latest',
59 silly mapToRegistry   type: 'tag' }
60 silly mapToRegistry uri https://registry.npmjs.org/formidable
61 silly fetchNamedPackageData fs
62 silly mapToRegistry name fs
63 silly mapToRegistry using default registry
64 silly mapToRegistry registry https://registry.npmjs.org/
65 silly mapToRegistry data Result {
65 silly mapToRegistry   raw: 'fs',
65 silly mapToRegistry   scope: null,
65 silly mapToRegistry   escapedName: 'fs',
65 silly mapToRegistry   name: 'fs',
65 silly mapToRegistry   rawSpec: '',
65 silly mapToRegistry   spec: 'latest',
65 silly mapToRegistry   type: 'tag' }
66 silly mapToRegistry uri https://registry.npmjs.org/fs
67 silly fetchNamedPackageData imagemagick
68 silly mapToRegistry name imagemagick
69 silly mapToRegistry using default registry
70 silly mapToRegistry registry https://registry.npmjs.org/
71 silly mapToRegistry data Result {
71 silly mapToRegistry   raw: 'imagemagick',
71 silly mapToRegistry   scope: null,
71 silly mapToRegistry   escapedName: 'imagemagick',
71 silly mapToRegistry   name: 'imagemagick',
71 silly mapToRegistry   rawSpec: '',
71 silly mapToRegistry   spec: 'latest',
71 silly mapToRegistry   type: 'tag' }
72 silly mapToRegistry uri https://registry.npmjs.org/imagemagick
73 silly fetchNamedPackageData loadsh
74 silly mapToRegistry name loadsh
75 silly mapToRegistry using default registry
76 silly mapToRegistry registry https://registry.npmjs.org/
77 silly mapToRegistry data Result {
77 silly mapToRegistry   raw: 'loadsh',
77 silly mapToRegistry   scope: null,
77 silly mapToRegistry   escapedName: 'loadsh',
77 silly mapToRegistry   name: 'loadsh',
77 silly mapToRegistry   rawSpec: '',
77 silly mapToRegistry   spec: 'latest',
77 silly mapToRegistry   type: 'tag' }
78 silly mapToRegistry uri https://registry.npmjs.org/loadsh
79 verbose request uri https://registry.npmjs.org/base64-img
80 verbose request no auth needed
81 info attempt registry request try #1 at 2:56:51 PM
82 verbose request id a3717b65907d5a9a
83 http request GET https://registry.npmjs.org/base64-img
84 verbose request uri https://registry.npmjs.org/easyimage
85 verbose request no auth needed
86 info attempt registry request try #1 at 2:56:51 PM
87 http request GET https://registry.npmjs.org/easyimage
88 verbose request uri https://registry.npmjs.org/formidable
89 verbose request no auth needed
90 info attempt registry request try #1 at 2:56:51 PM
91 http request GET https://registry.npmjs.org/formidable
92 verbose request uri https://registry.npmjs.org/imagemagick
93 verbose request no auth needed
94 info attempt registry request try #1 at 2:56:51 PM
95 http request GET https://registry.npmjs.org/imagemagick
96 verbose request uri https://registry.npmjs.org/csv-parse
97 verbose request no auth needed
98 info attempt registry request try #1 at 2:56:51 PM
99 verbose etag W/"aaaf5ada201cde14434384c528b226f2"
100 verbose lastModified Wed, 06 Jun 2018 13:39:05 GMT
101 http request GET https://registry.npmjs.org/csv-parse
102 verbose request uri https://registry.npmjs.org/fs
103 verbose request no auth needed
104 info attempt registry request try #1 at 2:56:51 PM
105 verbose etag W/"d5716664142b9ad6b323096f879bcc73"
106 verbose lastModified Sun, 27 May 2018 01:17:56 GMT
107 http request GET https://registry.npmjs.org/fs
108 verbose request uri https://registry.npmjs.org/loadsh
109 verbose request no auth needed
110 info attempt registry request try #1 at 2:56:51 PM
111 verbose etag W/"1dc200c57b754378411eec10395ea959"
112 verbose lastModified Tue, 05 Jun 2018 22:49:38 GMT
113 http request GET https://registry.npmjs.org/loadsh
114 verbose request uri https://registry.npmjs.org/async
115 verbose request no auth needed
116 info attempt registry request try #1 at 2:56:51 PM
117 verbose etag W/"2471656827988c405ca01259ec1641b2"
118 verbose lastModified Sat, 26 May 2018 01:09:19 GMT
119 http request GET https://registry.npmjs.org/async
120 verbose request uri https://registry.npmjs.org/csv
121 verbose request no auth needed
122 info attempt registry request try #1 at 2:56:51 PM
123 verbose etag W/"f470e4ed142460e1fe6d9c294102040f"
124 verbose lastModified Sat, 26 May 2018 21:29:05 GMT
125 http request GET https://registry.npmjs.org/csv
126 verbose request uri https://registry.npmjs.org/ejs
127 verbose request no auth needed
128 info attempt registry request try #1 at 2:56:51 PM
129 verbose etag W/"17682c484328abcd2ddf27bad35a86eb"
130 verbose lastModified Sat, 26 May 2018 22:51:16 GMT
131 http request GET https://registry.npmjs.org/ejs
132 http 304 https://registry.npmjs.org/async
133 verbose headers { date: 'Wed, 13 Jun 2018 14:56:51 GMT',
133 verbose headers   connection: 'keep-alive',
133 verbose headers   'set-cookie': [ '__cfduid=df5d0f6285b275923bb910bf54366dc121528901811; expires=Thu, 13-Jun-19 14:56:51 GMT; path=/; domain=.registry.npmjs.org; HttpOnly' ],
133 verbose headers   'cache-control': 'max-age=300',
133 verbose headers   'cf-cache-status': 'HIT',
133 verbose headers   'cf-ray': '42a56804db43bb78-SEA',
133 verbose headers   etag: '"2471656827988c405ca01259ec1641b2"',
133 verbose headers   'expect-ct': 'max-age=604800, report-uri="https://report-uri.cloudflare.com/cdn-cgi/beacon/expect-ct"',
133 verbose headers   'last-modified': 'Sat, 26 May 2018 01:09:19 GMT',
133 verbose headers   vary: 'accept-encoding, accept',
133 verbose headers   server: 'cloudflare' }
134 silly get cb [ 304,
134 silly get   { date: 'Wed, 13 Jun 2018 14:56:51 GMT',
134 silly get     connection: 'keep-alive',
134 silly get     'set-cookie': [ '__cfduid=df5d0f6285b275923bb910bf54366dc121528901811; expires=Thu, 13-Jun-19 14:56:51 GMT; path=/; domain=.registry.npmjs.org; HttpOnly' ],
134 silly get     'cache-control': 'max-age=300',
134 silly get     'cf-cache-status': 'HIT',
134 silly get     'cf-ray': '42a56804db43bb78-SEA',
134 silly get     etag: '"2471656827988c405ca01259ec1641b2"',
134 silly get     'expect-ct': 'max-age=604800, report-uri="https://report-uri.cloudflare.com/cdn-cgi/beacon/expect-ct"',
134 silly get     'last-modified': 'Sat, 26 May 2018 01:09:19 GMT',
134 silly get     vary: 'accept-encoding, accept',
134 silly get     server: 'cloudflare' } ]
135 verbose etag https://registry.npmjs.org/async from cache
136 verbose get saving async to /home/crossplatform/.npm/registry.npmjs.org/async/.cache.json
137 verbose correctMkdir /home/crossplatform/.npm correctMkdir not in flight; initializing
138 http 304 https://registry.npmjs.org/fs
139 verbose headers { date: 'Wed, 13 Jun 2018 14:56:51 GMT',
139 verbose headers   connection: 'keep-alive',
139 verbose headers   'set-cookie': [ '__cfduid=de33066504e95ccae2fd89179a441261a1528901811; expires=Thu, 13-Jun-19 14:56:51 GMT; path=/; domain=.registry.npmjs.org; HttpOnly' ],
139 verbose headers   'cache-control': 'max-age=300',
139 verbose headers   'cf-cache-status': 'HIT',
139 verbose headers   'cf-ray': '42a56804d8212a97-SEA',
139 verbose headers   etag: '"d5716664142b9ad6b323096f879bcc73"',
139 verbose headers   'expect-ct': 'max-age=604800, report-uri="https://report-uri.cloudflare.com/cdn-cgi/beacon/expect-ct"',
139 verbose headers   'last-modified': 'Sun, 27 May 2018 01:17:56 GMT',
139 verbose headers   vary: 'accept-encoding, accept',
139 verbose headers   server: 'cloudflare' }
140 silly get cb [ 304,
140 silly get   { date: 'Wed, 13 Jun 2018 14:56:51 GMT',
140 silly get     connection: 'keep-alive',
140 silly get     'set-cookie': [ '__cfduid=de33066504e95ccae2fd89179a441261a1528901811; expires=Thu, 13-Jun-19 14:56:51 GMT; path=/; domain=.registry.npmjs.org; HttpOnly' ],
140 silly get     'cache-control': 'max-age=300',
140 silly get     'cf-cache-status': 'HIT',
140 silly get     'cf-ray': '42a56804d8212a97-SEA',
140 silly get     etag: '"d5716664142b9ad6b323096f879bcc73"',
140 silly get     'expect-ct': 'max-age=604800, report-uri="https://report-uri.cloudflare.com/cdn-cgi/beacon/expect-ct"',
140 silly get     'last-modified': 'Sun, 27 May 2018 01:17:56 GMT',
140 silly get     vary: 'accept-encoding, accept',
140 silly get     server: 'cloudflare' } ]
141 verbose etag https://registry.npmjs.org/fs from cache
142 verbose get saving fs to /home/crossplatform/.npm/registry.npmjs.org/fs/.cache.json
143 verbose correctMkdir /home/crossplatform/.npm correctMkdir already in flight; waiting
144 http 200 https://registry.npmjs.org/imagemagick
145 verbose headers { date: 'Wed, 13 Jun 2018 14:56:51 GMT',
145 verbose headers   'content-type': 'application/json; charset=UTF-8',
145 verbose headers   'transfer-encoding': 'chunked',
145 verbose headers   connection: 'keep-alive',
145 verbose headers   'set-cookie': [ '__cfduid=d6e55c1781fb4e064dd613a273bc30cbb1528901811; expires=Thu, 13-Jun-19 14:56:51 GMT; path=/; domain=.registry.npmjs.org; HttpOnly' ],
145 verbose headers   'cache-control': 'max-age=300',
145 verbose headers   'cf-cache-status': 'HIT',
145 verbose headers   'cf-ray': '42a56804cfda7a17-SEA',
145 verbose headers   etag: 'W/"f1b007fbb0541939ddca4bc8708b4a01"',
145 verbose headers   'expect-ct': 'max-age=604800, report-uri="https://report-uri.cloudflare.com/cdn-cgi/beacon/expect-ct"',
145 verbose headers   'last-modified': 'Sun, 27 May 2018 04:29:41 GMT',
145 verbose headers   vary: 'accept-encoding, accept',
145 verbose headers   server: 'cloudflare',
145 verbose headers   'content-encoding': 'gzip' }
146 silly get cb [ 200,
146 silly get   { date: 'Wed, 13 Jun 2018 14:56:51 GMT',
146 silly get     'content-type': 'application/json; charset=UTF-8',
146 silly get     'transfer-encoding': 'chunked',
146 silly get     connection: 'keep-alive',
146 silly get     'set-cookie': [ '__cfduid=d6e55c1781fb4e064dd613a273bc30cbb1528901811; expires=Thu, 13-Jun-19 14:56:51 GMT; path=/; domain=.registry.npmjs.org; HttpOnly' ],
146 silly get     'cache-control': 'max-age=300',
146 silly get     'cf-cache-status': 'HIT',
146 silly get     'cf-ray': '42a56804cfda7a17-SEA',
146 silly get     etag: 'W/"f1b007fbb0541939ddca4bc8708b4a01"',
146 silly get     'expect-ct': 'max-age=604800, report-uri="https://report-uri.cloudflare.com/cdn-cgi/beacon/expect-ct"',
146 silly get     'last-modified': 'Sun, 27 May 2018 04:29:41 GMT',
146 silly get     vary: 'accept-encoding, accept',
146 silly get     server: 'cloudflare',
146 silly get     'content-encoding': 'gzip' } ]
147 verbose get saving imagemagick to /home/crossplatform/.npm/registry.npmjs.org/imagemagick/.cache.json
148 verbose correctMkdir /home/crossplatform/.npm correctMkdir not in flight; initializing
149 http 304 https://registry.npmjs.org/csv
150 verbose headers { date: 'Wed, 13 Jun 2018 14:56:51 GMT',
150 verbose headers   connection: 'keep-alive',
150 verbose headers   'set-cookie': [ '__cfduid=db2d1e30f2bc13287d0b9ab1ce74bb8b21528901811; expires=Thu, 13-Jun-19 14:56:51 GMT; path=/; domain=.registry.npmjs.org; HttpOnly' ],
150 verbose headers   'cache-control': 'max-age=300',
150 verbose headers   'cf-cache-status': 'HIT',
150 verbose headers   'cf-ray': '42a56804ec7e79d9-SEA',
150 verbose headers   etag: '"f470e4ed142460e1fe6d9c294102040f"',
150 verbose headers   'expect-ct': 'max-age=604800, report-uri="https://report-uri.cloudflare.com/cdn-cgi/beacon/expect-ct"',
150 verbose headers   'last-modified': 'Sat, 26 May 2018 21:29:05 GMT',
150 verbose headers   vary: 'accept-encoding, accept',
150 verbose headers   server: 'cloudflare' }
151 silly get cb [ 304,
151 silly get   { date: 'Wed, 13 Jun 2018 14:56:51 GMT',
151 silly get     connection: 'keep-alive',
151 silly get     'set-cookie': [ '__cfduid=db2d1e30f2bc13287d0b9ab1ce74bb8b21528901811; expires=Thu, 13-Jun-19 14:56:51 GMT; path=/; domain=.registry.npmjs.org; HttpOnly' ],
151 silly get     'cache-control': 'max-age=300',
151 silly get     'cf-cache-status': 'HIT',
151 silly get     'cf-ray': '42a56804ec7e79d9-SEA',
151 silly get     etag: '"f470e4ed142460e1fe6d9c294102040f"',
151 silly get     'expect-ct': 'max-age=604800, report-uri="https://report-uri.cloudflare.com/cdn-cgi/beacon/expect-ct"',
151 silly get     'last-modified': 'Sat, 26 May 2018 21:29:05 GMT',
151 silly get     vary: 'accept-encoding, accept',
151 silly get     server: 'cloudflare' } ]
152 verbose etag https://registry.npmjs.org/csv from cache
153 verbose get saving csv to /home/crossplatform/.npm/registry.npmjs.org/csv/.cache.json
154 verbose correctMkdir /home/crossplatform/.npm correctMkdir not in flight; initializing
155 silly resolveWithNewModule imagemagick@0.1.3 checking installable status
156 silly cache add args [ 'imagemagick@^0.1.3', null ]
157 verbose cache add spec imagemagick@^0.1.3
158 silly cache add parsed spec Result {
158 silly cache add   raw: 'imagemagick@^0.1.3',
158 silly cache add   scope: null,
158 silly cache add   escapedName: 'imagemagick',
158 silly cache add   name: 'imagemagick',
158 silly cache add   rawSpec: '^0.1.3',
158 silly cache add   spec: '>=0.1.3 <0.2.0',
158 silly cache add   type: 'range' }
159 silly addNamed imagemagick@>=0.1.3 <0.2.0
160 verbose addNamed ">=0.1.3 <0.2.0" is a valid semver range for imagemagick
161 silly addNameRange { name: 'imagemagick', range: '>=0.1.3 <0.2.0', hasData: false }
162 silly mapToRegistry name imagemagick
163 silly mapToRegistry using default registry
164 silly mapToRegistry registry https://registry.npmjs.org/
165 silly mapToRegistry data Result {
165 silly mapToRegistry   raw: 'imagemagick',
165 silly mapToRegistry   scope: null,
165 silly mapToRegistry   escapedName: 'imagemagick',
165 silly mapToRegistry   name: 'imagemagick',
165 silly mapToRegistry   rawSpec: '',
165 silly mapToRegistry   spec: 'latest',
165 silly mapToRegistry   type: 'tag' }
166 silly mapToRegistry uri https://registry.npmjs.org/imagemagick
167 verbose addNameRange registry:https://registry.npmjs.org/imagemagick not in flight; fetching
168 silly resolveWithNewModule csv@3.1.0 checking installable status
169 silly cache add args [ 'csv@^3.1.0', null ]
170 verbose cache add spec csv@^3.1.0
171 silly cache add parsed spec Result {
171 silly cache add   raw: 'csv@^3.1.0',
171 silly cache add   scope: null,
171 silly cache add   escapedName: 'csv',
171 silly cache add   name: 'csv',
171 silly cache add   rawSpec: '^3.1.0',
171 silly cache add   spec: '>=3.1.0 <4.0.0',
171 silly cache add   type: 'range' }
172 silly addNamed csv@>=3.1.0 <4.0.0
173 verbose addNamed ">=3.1.0 <4.0.0" is a valid semver range for csv
174 silly addNameRange { name: 'csv', range: '>=3.1.0 <4.0.0', hasData: false }
175 silly mapToRegistry name csv
176 silly mapToRegistry using default registry
177 silly mapToRegistry registry https://registry.npmjs.org/
178 silly mapToRegistry data Result {
178 silly mapToRegistry   raw: 'csv',
178 silly mapToRegistry   scope: null,
178 silly mapToRegistry   escapedName: 'csv',
178 silly mapToRegistry   name: 'csv',
178 silly mapToRegistry   rawSpec: '',
178 silly mapToRegistry   spec: 'latest',
178 silly mapToRegistry   type: 'tag' }
179 silly mapToRegistry uri https://registry.npmjs.org/csv
180 verbose addNameRange registry:https://registry.npmjs.org/csv not in flight; fetching
181 silly resolveWithNewModule async@2.6.1 checking installable status
182 silly cache add args [ 'async@^2.6.1', null ]
183 verbose cache add spec async@^2.6.1
184 silly cache add parsed spec Result {
184 silly cache add   raw: 'async@^2.6.1',
184 silly cache add   scope: null,
184 silly cache add   escapedName: 'async',
184 silly cache add   name: 'async',
184 silly cache add   rawSpec: '^2.6.1',
184 silly cache add   spec: '>=2.6.1 <3.0.0',
184 silly cache add   type: 'range' }
185 silly addNamed async@>=2.6.1 <3.0.0
186 verbose addNamed ">=2.6.1 <3.0.0" is a valid semver range for async
187 silly addNameRange { name: 'async', range: '>=2.6.1 <3.0.0', hasData: false }
188 silly mapToRegistry name async
189 silly mapToRegistry using default registry
190 silly mapToRegistry registry https://registry.npmjs.org/
191 silly mapToRegistry data Result {
191 silly mapToRegistry   raw: 'async',
191 silly mapToRegistry   scope: null,
191 silly mapToRegistry   escapedName: 'async',
191 silly mapToRegistry   name: 'async',
191 silly mapToRegistry   rawSpec: '',
191 silly mapToRegistry   spec: 'latest',
191 silly mapToRegistry   type: 'tag' }
192 silly mapToRegistry uri https://registry.npmjs.org/async
193 verbose addNameRange registry:https://registry.npmjs.org/async not in flight; fetching
194 http 200 https://registry.npmjs.org/formidable
195 verbose headers { date: 'Wed, 13 Jun 2018 14:56:51 GMT',
195 verbose headers   'content-type': 'application/json; charset=UTF-8',
195 verbose headers   'transfer-encoding': 'chunked',
195 verbose headers   connection: 'keep-alive',
195 verbose headers   'set-cookie': [ '__cfduid=dd227d8c8256241fe8fb4772e3ed50f551528901811; expires=Thu, 13-Jun-19 14:56:51 GMT; path=/; domain=.registry.npmjs.org; HttpOnly' ],
195 verbose headers   'cache-control': 'max-age=300',
195 verbose headers   'cf-cache-status': 'HIT',
195 verbose headers   'cf-ray': '42a56804cf73bc86-SEA',
195 verbose headers   etag: 'W/"83f8c591c03bf2f82807ab122f3b6f0c"',
195 verbose headers   'expect-ct': 'max-age=604800, report-uri="https://report-uri.cloudflare.com/cdn-cgi/beacon/expect-ct"',
195 verbose headers   'last-modified': 'Sun, 27 May 2018 01:08:15 GMT',
195 verbose headers   vary: 'accept-encoding, accept',
195 verbose headers   server: 'cloudflare',
195 verbose headers   'content-encoding': 'gzip' }
196 silly get cb [ 200,
196 silly get   { date: 'Wed, 13 Jun 2018 14:56:51 GMT',
196 silly get     'content-type': 'application/json; charset=UTF-8',
196 silly get     'transfer-encoding': 'chunked',
196 silly get     connection: 'keep-alive',
196 silly get     'set-cookie': [ '__cfduid=dd227d8c8256241fe8fb4772e3ed50f551528901811; expires=Thu, 13-Jun-19 14:56:51 GMT; path=/; domain=.registry.npmjs.org; HttpOnly' ],
196 silly get     'cache-control': 'max-age=300',
196 silly get     'cf-cache-status': 'HIT',
196 silly get     'cf-ray': '42a56804cf73bc86-SEA',
196 silly get     etag: 'W/"83f8c591c03bf2f82807ab122f3b6f0c"',
196 silly get     'expect-ct': 'max-age=604800, report-uri="https://report-uri.cloudflare.com/cdn-cgi/beacon/expect-ct"',
196 silly get     'last-modified': 'Sun, 27 May 2018 01:08:15 GMT',
196 silly get     vary: 'accept-encoding, accept',
196 silly get     server: 'cloudflare',
196 silly get     'content-encoding': 'gzip' } ]
197 verbose get saving formidable to /home/crossplatform/.npm/registry.npmjs.org/formidable/.cache.json
198 verbose correctMkdir /home/crossplatform/.npm correctMkdir not in flight; initializing
199 http 200 https://registry.npmjs.org/base64-img
200 verbose headers { date: 'Wed, 13 Jun 2018 14:56:52 GMT',
200 verbose headers   'content-type': 'application/json; charset=UTF-8',
200 verbose headers   'transfer-encoding': 'chunked',
200 verbose headers   connection: 'keep-alive',
200 verbose headers   'set-cookie': [ '__cfduid=df118d1774dddcda9c7c857a0c7b688781528901811; expires=Thu, 13-Jun-19 14:56:51 GMT; path=/; domain=.registry.npmjs.org; HttpOnly' ],
200 verbose headers   'cache-control': 'max-age=300',
200 verbose headers   'cf-cache-status': 'REVALIDATED',
200 verbose headers   'cf-ray': '42a56804bd1e2a55-SEA',
200 verbose headers   etag: 'W/"fa6a205f18ff42a1f76f4e40c5dc5892"',
200 verbose headers   'expect-ct': 'max-age=604800, report-uri="https://report-uri.cloudflare.com/cdn-cgi/beacon/expect-ct"',
200 verbose headers   'last-modified': 'Sat, 26 May 2018 18:09:37 GMT',
200 verbose headers   vary: 'accept-encoding, accept',
200 verbose headers   server: 'cloudflare',
200 verbose headers   'content-encoding': 'gzip' }
201 silly get cb [ 200,
201 silly get   { date: 'Wed, 13 Jun 2018 14:56:52 GMT',
201 silly get     'content-type': 'application/json; charset=UTF-8',
201 silly get     'transfer-encoding': 'chunked',
201 silly get     connection: 'keep-alive',
201 silly get     'set-cookie': [ '__cfduid=df118d1774dddcda9c7c857a0c7b688781528901811; expires=Thu, 13-Jun-19 14:56:51 GMT; path=/; domain=.registry.npmjs.org; HttpOnly' ],
201 silly get     'cache-control': 'max-age=300',
201 silly get     'cf-cache-status': 'REVALIDATED',
201 silly get     'cf-ray': '42a56804bd1e2a55-SEA',
201 silly get     etag: 'W/"fa6a205f18ff42a1f76f4e40c5dc5892"',
201 silly get     'expect-ct': 'max-age=604800, report-uri="https://report-uri.cloudflare.com/cdn-cgi/beacon/expect-ct"',
201 silly get     'last-modified': 'Sat, 26 May 2018 18:09:37 GMT',
201 silly get     vary: 'accept-encoding, accept',
201 silly get     server: 'cloudflare',
201 silly get     'content-encoding': 'gzip' } ]
202 verbose get saving base64-img to /home/crossplatform/.npm/registry.npmjs.org/base64-img/.cache.json
203 verbose correctMkdir /home/crossplatform/.npm correctMkdir not in flight; initializing
204 http 304 https://registry.npmjs.org/ejs
205 verbose headers { date: 'Wed, 13 Jun 2018 14:56:52 GMT',
205 verbose headers   connection: 'keep-alive',
205 verbose headers   'set-cookie': [ '__cfduid=d5e1dad32d458f5701705cb679bb33c411528901812; expires=Thu, 13-Jun-19 14:56:52 GMT; path=/; domain=.registry.npmjs.org; HttpOnly' ],
205 verbose headers   'cache-control': 'max-age=300',
205 verbose headers   'cf-cache-status': 'HIT',
205 verbose headers   'cf-ray': '42a56804ffb87967-SEA',
205 verbose headers   etag: '"17682c484328abcd2ddf27bad35a86eb"',
205 verbose headers   'expect-ct': 'max-age=604800, report-uri="https://report-uri.cloudflare.com/cdn-cgi/beacon/expect-ct"',
205 verbose headers   'last-modified': 'Sat, 26 May 2018 22:51:16 GMT',
205 verbose headers   vary: 'accept-encoding, accept',
205 verbose headers   server: 'cloudflare' }
206 silly get cb [ 304,
206 silly get   { date: 'Wed, 13 Jun 2018 14:56:52 GMT',
206 silly get     connection: 'keep-alive',
206 silly get     'set-cookie': [ '__cfduid=d5e1dad32d458f5701705cb679bb33c411528901812; expires=Thu, 13-Jun-19 14:56:52 GMT; path=/; domain=.registry.npmjs.org; HttpOnly' ],
206 silly get     'cache-control': 'max-age=300',
206 silly get     'cf-cache-status': 'HIT',
206 silly get     'cf-ray': '42a56804ffb87967-SEA',
206 silly get     etag: '"17682c484328abcd2ddf27bad35a86eb"',
206 silly get     'expect-ct': 'max-age=604800, report-uri="https://report-uri.cloudflare.com/cdn-cgi/beacon/expect-ct"',
206 silly get     'last-modified': 'Sat, 26 May 2018 22:51:16 GMT',
206 silly get     vary: 'accept-encoding, accept',
206 silly get     server: 'cloudflare' } ]
207 verbose etag https://registry.npmjs.org/ejs from cache
208 verbose get saving ejs to /home/crossplatform/.npm/registry.npmjs.org/ejs/.cache.json
209 verbose correctMkdir /home/crossplatform/.npm correctMkdir not in flight; initializing
210 verbose get https://registry.npmjs.org/imagemagick not expired, no request
211 silly addNameRange number 2 { name: 'imagemagick', range: '>=0.1.3 <0.2.0', hasData: true }
212 silly addNameRange versions [ 'imagemagick', [ '0.1.0', '0.1.1', '0.1.2', '0.1.3' ] ]
213 silly addNamed imagemagick@0.1.3
214 verbose addNamed "0.1.3" is a plain semver version for imagemagick
215 silly mapToRegistry name imagemagick
216 silly mapToRegistry using default registry
217 silly mapToRegistry registry https://registry.npmjs.org/
218 silly mapToRegistry data Result {
218 silly mapToRegistry   raw: 'imagemagick',
218 silly mapToRegistry   scope: null,
218 silly mapToRegistry   escapedName: 'imagemagick',
218 silly mapToRegistry   name: 'imagemagick',
218 silly mapToRegistry   rawSpec: '',
218 silly mapToRegistry   spec: 'latest',
218 silly mapToRegistry   type: 'tag' }
219 silly mapToRegistry uri https://registry.npmjs.org/imagemagick
220 verbose addRemoteTarball https://registry.npmjs.org/imagemagick/-/imagemagick-0.1.3.tgz not in flight; adding
221 verbose addRemoteTarball [ 'https://registry.npmjs.org/imagemagick/-/imagemagick-0.1.3.tgz',
221 verbose addRemoteTarball   '7483cea093b4d9f2e2f396857adc8821b537c56a' ]
222 verbose get https://registry.npmjs.org/csv not expired, no request
223 silly addNameRange number 2 { name: 'csv', range: '>=3.1.0 <4.0.0', hasData: true }
224 silly addNameRange versions [ 'csv',
224 silly addNameRange   [ '0.0.1',
224 silly addNameRange     '0.0.2',
224 silly addNameRange     '0.0.3',
224 silly addNameRange     '0.0.5',
224 silly addNameRange     '0.0.6',
224 silly addNameRange     '0.0.7',
224 silly addNameRange     '0.0.9',
224 silly addNameRange     '0.0.10',
224 silly addNameRange     '0.0.11',
224 silly addNameRange     '0.0.12',
224 silly addNameRange     '0.0.13',
224 silly addNameRange     '0.0.14',
224 silly addNameRange     '0.0.15',
224 silly addNameRange     '0.0.16',
224 silly addNameRange     '0.0.17',
224 silly addNameRange     '0.0.18',
224 silly addNameRange     '0.0.19',
224 silly addNameRange     '0.2.0',
224 silly addNameRange     '0.2.1',
224 silly addNameRange     '0.2.2',
224 silly addNameRange     '0.2.3',
224 silly addNameRange     '0.1.0',
224 silly addNameRange     '0.2.4',
224 silly addNameRange     '0.2.6',
224 silly addNameRange     '0.2.7',
224 silly addNameRange     '0.2.8',
224 silly addNameRange     '0.2.9',
224 silly addNameRange     '0.3.0',
224 silly addNameRange     '0.3.2',
224 silly addNameRange     '0.3.3',
224 silly addNameRange     '0.3.4',
224 silly addNameRange     '0.3.5',
224 silly addNameRange     '0.3.6',
224 silly addNameRange     '0.3.7',
224 silly addNameRange     '0.4.0',
224 silly addNameRange     '0.4.1',
224 silly addNameRange     '0.4.2',
224 silly addNameRange     '0.4.4',
224 silly addNameRange     '0.4.5',
224 silly addNameRange     '0.4.6',
224 silly addNameRange     '1.1.0',
224 silly addNameRange     '1.1.1',
224 silly addNameRange     '1.2.0',
224 silly addNameRange     '1.2.1',
224 silly addNameRange     '2.0.0',
224 silly addNameRange     '3.0.0',
224 silly addNameRange     '3.0.1',
224 silly addNameRange     '3.0.2',
224 silly addNameRange     '3.1.0' ] ]
225 silly addNamed csv@3.1.0
226 verbose addNamed "3.1.0" is a plain semver version for csv
227 verbose get https://registry.npmjs.org/async not expired, no request
228 silly addNameRange number 2 { name: 'async', range: '>=2.6.1 <3.0.0', hasData: true }
229 silly addNameRange versions [ 'async',
229 silly addNameRange   [ '0.1.0',
229 silly addNameRange     '0.1.1',
229 silly addNameRange     '0.1.2',
229 silly addNameRange     '0.1.3',
229 silly addNameRange     '0.1.4',
229 silly addNameRange     '0.1.5',
229 silly addNameRange     '0.1.6',
229 silly addNameRange     '0.1.7',
229 silly addNameRange     '0.1.8',
229 silly addNameRange     '0.1.9',
229 silly addNameRange     '0.1.10',
229 silly addNameRange     '0.1.11',
229 silly addNameRange     '0.1.12',
229 silly addNameRange     '0.1.13',
229 silly addNameRange     '0.1.14',
229 silly addNameRange     '0.1.15',
229 silly addNameRange     '0.1.16',
229 silly addNameRange     '0.1.17',
229 silly addNameRange     '0.1.18',
229 silly addNameRange     '0.1.19',
229 silly addNameRange     '0.1.20',
229 silly addNameRange     '0.1.21',
229 silly addNameRange     '0.1.22',
229 silly addNameRange     '0.2.0',
229 silly addNameRange     '0.2.1',
229 silly addNameRange     '0.2.2',
229 silly addNameRange     '0.2.3',
229 silly addNameRange     '0.2.4',
229 silly addNameRange     '0.2.5',
229 silly addNameRange     '0.2.6',
229 silly addNameRange     '0.2.7',
229 silly addNameRange     '0.2.8',
229 silly addNameRange     '0.2.9',
229 silly addNameRange     '0.2.10',
229 silly addNameRange     '0.3.0',
229 silly addNameRange     '0.4.0',
229 silly addNameRange     '0.4.1',
229 silly addNameRange     '0.5.0',
229 silly addNameRange     '0.6.0',
229 silly addNameRange     '0.6.1',
229 silly addNameRange     '0.6.2',
229 silly addNameRange     '0.7.0',
229 silly addNameRange     '0.8.0',
229 silly addNameRange     '0.9.0',
229 silly addNameRange     '0.9.2',
229 silly addNameRange     '1.0.0',
229 silly addNameRange     '1.1.0',
229 silly addNameRange     '1.2.0',
229 silly addNameRange     '1.1.1',
229 silly addNameRange     '1.2.1',
229 silly addNameRange     '1.3.0',
229 silly addNameRange     '1.4.0',
229 silly addNameRange     '1.4.1',
229 silly addNameRange     '1.4.2',
229 silly addNameRange     '1.5.0',
229 silly addNameRange     '1.5.1',
229 silly addNameRange     '1.5.2',
229 silly addNameRange     '2.0.0-alpha.0',
229 silly addNameRange     '2.0.0-rc.1',
229 silly addNameRange     '2.0.0-rc.2',
229 silly addNameRange     '2.0.0-rc.3',
229 silly addNameRange     '2.0.0-rc.4',
229 silly addNameRange     '2.0.0-rc.5',
229 silly addNameRange     '2.0.0-rc.6',
229 silly addNameRange     '2.0.0',
229 silly addNameRange     '2.0.1',
229 silly addNameRange     '2.1.0',
229 silly addNameRange     '2.1.1',
229 silly addNameRange     '2.1.2',
229 silly addNameRange     '2.1.4',
229 silly addNameRange     '2.1.5',
229 silly addNameRange     '2.2.0',
229 silly addNameRange     '2.3.0',
229 silly addNameRange     '2.4.0',
229 silly addNameRange     '2.4.1',
229 silly addNameRange     '2.5.0',
229 silly addNameRange     '2.6.0',
229 silly addNameRange     '2.6.1' ] ]
230 silly addNamed async@2.6.1
231 verbose addNamed "2.6.1" is a plain semver version for async
232 http 200 https://registry.npmjs.org/csv-parse
233 verbose headers { date: 'Wed, 13 Jun 2018 14:56:51 GMT',
233 verbose headers   'content-type': 'application/json; charset=UTF-8',
233 verbose headers   'transfer-encoding': 'chunked',
233 verbose headers   connection: 'keep-alive',
233 verbose headers   'set-cookie': [ '__cfduid=d0c6bd398a0d9c79fb43acb9defb97c4f1528901811; expires=Thu, 13-Jun-19 14:56:51 GMT; path=/; domain=.registry.npmjs.org; HttpOnly' ],
233 verbose headers   'cache-control': 'max-age=300',
233 verbose headers   'cf-cache-status': 'HIT',
233 verbose headers   'cf-ray': '42a56804da3f79f9-SEA',
233 verbose headers   etag: 'W/"055e7402d172f1978d87c61e2eaaaae2"',
233 verbose headers   'expect-ct': 'max-age=604800, report-uri="https://report-uri.cloudflare.com/cdn-cgi/beacon/expect-ct"',
233 verbose headers   'last-modified': 'Fri, 08 Jun 2018 14:20:07 GMT',
233 verbose headers   vary: 'accept-encoding, accept',
233 verbose headers   server: 'cloudflare',
233 verbose headers   'content-encoding': 'gzip' }
234 silly get cb [ 200,
234 silly get   { date: 'Wed, 13 Jun 2018 14:56:51 GMT',
234 silly get     'content-type': 'application/json; charset=UTF-8',
234 silly get     'transfer-encoding': 'chunked',
234 silly get     connection: 'keep-alive',
234 silly get     'set-cookie': [ '__cfduid=d0c6bd398a0d9c79fb43acb9defb97c4f1528901811; expires=Thu, 13-Jun-19 14:56:51 GMT; path=/; domain=.registry.npmjs.org; HttpOnly' ],
234 silly get     'cache-control': 'max-age=300',
234 silly get     'cf-cache-status': 'HIT',
234 silly get     'cf-ray': '42a56804da3f79f9-SEA',
234 silly get     etag: 'W/"055e7402d172f1978d87c61e2eaaaae2"',
234 silly get     'expect-ct': 'max-age=604800, report-uri="https://report-uri.cloudflare.com/cdn-cgi/beacon/expect-ct"',
234 silly get     'last-modified': 'Fri, 08 Jun 2018 14:20:07 GMT',
234 silly get     vary: 'accept-encoding, accept',
234 silly get     server: 'cloudflare',
234 silly get     'content-encoding': 'gzip' } ]
235 verbose get saving csv-parse to /home/crossplatform/.npm/registry.npmjs.org/csv-parse/.cache.json
236 verbose correctMkdir /home/crossplatform/.npm correctMkdir not in flight; initializing
237 info retry fetch attempt 1 at 2:56:52 PM
238 info attempt registry request try #1 at 2:56:52 PM
239 http fetch GET https://registry.npmjs.org/imagemagick/-/imagemagick-0.1.3.tgz
240 silly resolveWithNewModule formidable@1.2.1 checking installable status
241 silly cache add args [ 'formidable@^1.2.1', null ]
242 verbose cache add spec formidable@^1.2.1
243 silly cache add parsed spec Result {
243 silly cache add   raw: 'formidable@^1.2.1',
243 silly cache add   scope: null,
243 silly cache add   escapedName: 'formidable',
243 silly cache add   name: 'formidable',
243 silly cache add   rawSpec: '^1.2.1',
243 silly cache add   spec: '>=1.2.1 <2.0.0',
243 silly cache add   type: 'range' }
244 silly addNamed formidable@>=1.2.1 <2.0.0
245 verbose addNamed ">=1.2.1 <2.0.0" is a valid semver range for formidable
246 silly addNameRange { name: 'formidable', range: '>=1.2.1 <2.0.0', hasData: false }
247 silly mapToRegistry name formidable
248 silly mapToRegistry using default registry
249 silly mapToRegistry registry https://registry.npmjs.org/
250 silly mapToRegistry data Result {
250 silly mapToRegistry   raw: 'formidable',
250 silly mapToRegistry   scope: null,
250 silly mapToRegistry   escapedName: 'formidable',
250 silly mapToRegistry   name: 'formidable',
250 silly mapToRegistry   rawSpec: '',
250 silly mapToRegistry   spec: 'latest',
250 silly mapToRegistry   type: 'tag' }
251 silly mapToRegistry uri https://registry.npmjs.org/formidable
252 verbose addNameRange registry:https://registry.npmjs.org/formidable not in flight; fetching
253 silly resolveWithNewModule base64-img@1.0.4 checking installable status
254 silly cache add args [ 'base64-img@^1.0.4', null ]
255 verbose cache add spec base64-img@^1.0.4
256 silly cache add parsed spec Result {
256 silly cache add   raw: 'base64-img@^1.0.4',
256 silly cache add   scope: null,
256 silly cache add   escapedName: 'base64-img',
256 silly cache add   name: 'base64-img',
256 silly cache add   rawSpec: '^1.0.4',
256 silly cache add   spec: '>=1.0.4 <2.0.0',
256 silly cache add   type: 'range' }
257 silly addNamed base64-img@>=1.0.4 <2.0.0
258 verbose addNamed ">=1.0.4 <2.0.0" is a valid semver range for base64-img
259 silly addNameRange { name: 'base64-img', range: '>=1.0.4 <2.0.0', hasData: false }
260 silly mapToRegistry name base64-img
261 silly mapToRegistry using default registry
262 silly mapToRegistry registry https://registry.npmjs.org/
263 silly mapToRegistry data Result {
263 silly mapToRegistry   raw: 'base64-img',
263 silly mapToRegistry   scope: null,
263 silly mapToRegistry   escapedName: 'base64-img',
263 silly mapToRegistry   name: 'base64-img',
263 silly mapToRegistry   rawSpec: '',
263 silly mapToRegistry   spec: 'latest',
263 silly mapToRegistry   type: 'tag' }
264 silly mapToRegistry uri https://registry.npmjs.org/base64-img
265 verbose addNameRange registry:https://registry.npmjs.org/base64-img not in flight; fetching
266 silly resolveWithNewModule ejs@2.6.1 checking installable status
267 silly cache add args [ 'ejs@^2.6.1', null ]
268 verbose cache add spec ejs@^2.6.1
269 silly cache add parsed spec Result {
269 silly cache add   raw: 'ejs@^2.6.1',
269 silly cache add   scope: null,
269 silly cache add   escapedName: 'ejs',
269 silly cache add   name: 'ejs',
269 silly cache add   rawSpec: '^2.6.1',
269 silly cache add   spec: '>=2.6.1 <3.0.0',
269 silly cache add   type: 'range' }
270 silly addNamed ejs@>=2.6.1 <3.0.0
271 verbose addNamed ">=2.6.1 <3.0.0" is a valid semver range for ejs
272 silly addNameRange { name: 'ejs', range: '>=2.6.1 <3.0.0', hasData: false }
273 silly mapToRegistry name ejs
274 silly mapToRegistry using default registry
275 silly mapToRegistry registry https://registry.npmjs.org/
276 silly mapToRegistry data Result {
276 silly mapToRegistry   raw: 'ejs',
276 silly mapToRegistry   scope: null,
276 silly mapToRegistry   escapedName: 'ejs',
276 silly mapToRegistry   name: 'ejs',
276 silly mapToRegistry   rawSpec: '',
276 silly mapToRegistry   spec: 'latest',
276 silly mapToRegistry   type: 'tag' }
277 silly mapToRegistry uri https://registry.npmjs.org/ejs
278 verbose addNameRange registry:https://registry.npmjs.org/ejs not in flight; fetching
279 silly resolveWithNewModule fs@0.0.1-security checking installable status
280 silly cache add args [ 'fs@0.0.1-security', null ]
281 verbose cache add spec fs@0.0.1-security
282 silly cache add parsed spec Result {
282 silly cache add   raw: 'fs@0.0.1-security',
282 silly cache add   scope: null,
282 silly cache add   escapedName: 'fs',
282 silly cache add   name: 'fs',
282 silly cache add   rawSpec: '0.0.1-security',
282 silly cache add   spec: '0.0.1-security',
282 silly cache add   type: 'version' }
283 silly addNamed fs@0.0.1-security
284 verbose addNamed "0.0.1-security" is a plain semver version for fs
285 silly mapToRegistry name fs
286 silly mapToRegistry using default registry
287 silly mapToRegistry registry https://registry.npmjs.org/
288 silly mapToRegistry data Result {
288 silly mapToRegistry   raw: 'fs',
288 silly mapToRegistry   scope: null,
288 silly mapToRegistry   escapedName: 'fs',
288 silly mapToRegistry   name: 'fs',
288 silly mapToRegistry   rawSpec: '',
288 silly mapToRegistry   spec: 'latest',
288 silly mapToRegistry   type: 'tag' }
289 silly mapToRegistry uri https://registry.npmjs.org/fs
290 verbose addNameVersion registry:https://registry.npmjs.org/fs not in flight; fetching
291 silly cache afterAdd csv@3.1.0
292 verbose afterAdd /home/crossplatform/.npm/csv/3.1.0/package/package.json not in flight; writing
293 verbose correctMkdir /home/crossplatform/.npm correctMkdir not in flight; initializing
294 verbose get https://registry.npmjs.org/base64-img not expired, no request
295 silly addNameRange number 2 { name: 'base64-img', range: '>=1.0.4 <2.0.0', hasData: true }
296 silly addNameRange versions [ 'base64-img', [ '1.0.0', '1.0.1', '1.0.3', '1.0.4' ] ]
297 silly addNamed base64-img@1.0.4
298 verbose addNamed "1.0.4" is a plain semver version for base64-img
299 verbose get https://registry.npmjs.org/formidable not expired, no request
300 silly addNameRange number 2 { name: 'formidable', range: '>=1.2.1 <2.0.0', hasData: true }
301 silly addNameRange versions [ 'formidable',
301 silly addNameRange   [ '0.3.0',
301 silly addNameRange     '0.4.0',
301 silly addNameRange     '0.5.0',
301 silly addNameRange     '0.6.0',
301 silly addNameRange     '0.7.0',
301 silly addNameRange     '0.8.0',
301 silly addNameRange     '0.9.0',
301 silly addNameRange     '0.9.1',
301 silly addNameRange     '0.9.2',
301 silly addNameRange     '0.9.3',
301 silly addNameRange     '0.9.4',
301 silly addNameRange     '0.9.5',
301 silly addNameRange     '0.9.6',
301 silly addNameRange     '0.9.7',
301 silly addNameRange     '0.9.8',
301 silly addNameRange     '0.9.9',
301 silly addNameRange     '0.9.10',
301 silly addNameRange     '0.9.11',
301 silly addNameRange     '1.0.0',
301 silly addNameRange     '1.0.1',
301 silly addNameRange     '1.0.2',
301 silly addNameRange     '1.0.3',
301 silly addNameRange     '1.0.4',
301 silly addNameRange     '1.0.5',
301 silly addNameRange     '1.0.6',
301 silly addNameRange     '1.0.7',
301 silly addNameRange     '1.0.8',
301 silly addNameRange     '1.0.9',
301 silly addNameRange     '1.0.10',
301 silly addNameRange     '1.0.11',
301 silly addNameRange     '1.0.12',
301 silly addNameRange     '1.0.13',
301 silly addNameRange     '1.0.14',
301 silly addNameRange     '1.0.15',
301 silly addNameRange     '1.0.16',
301 silly addNameRange     '1.0.17',
301 silly addNameRange     '1.1.1',
301 silly addNameRange     '1.2.0',
301 silly addNameRange     '1.2.1' ] ]
302 silly addNamed formidable@1.2.1
303 verbose addNamed "1.2.1" is a plain semver version for formidable
304 silly mapToRegistry name base64-img
305 silly mapToRegistry using default registry
306 silly mapToRegistry registry https://registry.npmjs.org/
307 silly mapToRegistry data Result {
307 silly mapToRegistry   raw: 'base64-img',
307 silly mapToRegistry   scope: null,
307 silly mapToRegistry   escapedName: 'base64-img',
307 silly mapToRegistry   name: 'base64-img',
307 silly mapToRegistry   rawSpec: '',
307 silly mapToRegistry   spec: 'latest',
307 silly mapToRegistry   type: 'tag' }
308 silly mapToRegistry uri https://registry.npmjs.org/base64-img
309 verbose addRemoteTarball https://registry.npmjs.org/base64-img/-/base64-img-1.0.4.tgz not in flight; adding
310 verbose addRemoteTarball [ 'https://registry.npmjs.org/base64-img/-/base64-img-1.0.4.tgz',
310 verbose addRemoteTarball   '3e22d55d6c74a24553d840d2b1bc12a7db078d35' ]
311 silly mapToRegistry name formidable
312 silly mapToRegistry using default registry
313 silly mapToRegistry registry https://registry.npmjs.org/
314 silly mapToRegistry data Result {
314 silly mapToRegistry   raw: 'formidable',
314 silly mapToRegistry   scope: null,
314 silly mapToRegistry   escapedName: 'formidable',
314 silly mapToRegistry   name: 'formidable',
314 silly mapToRegistry   rawSpec: '',
314 silly mapToRegistry   spec: 'latest',
314 silly mapToRegistry   type: 'tag' }
315 silly mapToRegistry uri https://registry.npmjs.org/formidable
316 verbose addRemoteTarball https://registry.npmjs.org/formidable/-/formidable-1.2.1.tgz not in flight; adding
317 verbose addRemoteTarball [ 'https://registry.npmjs.org/formidable/-/formidable-1.2.1.tgz',
317 verbose addRemoteTarball   '70fb7ca0290ee6ff961090415f4b3df3d2082659' ]
318 verbose get https://registry.npmjs.org/ejs not expired, no request
319 silly addNameRange number 2 { name: 'ejs', range: '>=2.6.1 <3.0.0', hasData: true }
320 silly addNameRange versions [ 'ejs',
320 silly addNameRange   [ '0.0.1',
320 silly addNameRange     '0.0.2',
320 silly addNameRange     '0.0.3',
320 silly addNameRange     '0.0.4',
320 silly addNameRange     '0.1.0',
320 silly addNameRange     '0.2.0',
320 silly addNameRange     '0.2.1',
320 silly addNameRange     '0.3.0',
320 silly addNameRange     '0.3.1',
320 silly addNameRange     '0.4.0',
320 silly addNameRange     '0.4.1',
320 silly addNameRange     '0.4.2',
320 silly addNameRange     '0.4.3',
320 silly addNameRange     '0.5.0',
320 silly addNameRange     '0.6.0',
320 silly addNameRange     '0.6.1',
320 silly addNameRange     '0.7.0',
320 silly addNameRange     '0.7.1',
320 silly addNameRange     '0.7.2',
320 silly addNameRange     '0.8.0',
320 silly addNameRange     '0.8.1',
320 silly addNameRange     '0.8.2',
320 silly addNameRange     '0.8.3',
320 silly addNameRange     '0.8.4',
320 silly addNameRange     '0.8.5',
320 silly addNameRange     '0.8.6',
320 silly addNameRange     '0.8.8',
320 silly addNameRange     '1.0.0',
320 silly addNameRange     '2.0.2',
320 silly addNameRange     '2.0.3',
320 silly addNameRange     '2.0.4',
320 silly addNameRange     '2.0.5',
320 silly addNameRange     '2.0.6',
320 silly addNameRange     '2.0.7',
320 silly addNameRange     '2.0.8',
320 silly addNameRange     '2.1.1',
320 silly addNameRange     '2.1.2',
320 silly addNameRange     '2.1.3',
320 silly addNameRange     '2.1.4',
320 silly addNameRange     '2.2.1',
320 silly addNameRange     '2.2.2',
320 silly addNameRange     '2.2.3',
320 silly addNameRange     '2.2.4',
320 silly addNameRange     '2.3.1',
320 silly addNameRange     '2.3.2',
320 silly addNameRange     '2.3.3',
320 silly addNameRange     '2.3.4',
320 silly addNameRange     '2.4.1',
320 silly addNameRange     '2.4.2',
320 silly addNameRange     '2.5.1',
320 silly addNameRange     '2.5.2',
320 silly addNameRange     '2.5.3',
320 silly addNameRange     '2.5.4',
320 silly addNameRange     '2.5.5',
320 silly addNameRange     '2.5.6',
320 silly addNameRange     '2.5.7',
320 silly addNameRange     '2.5.8',
320 silly addNameRange     '2.5.9',
320 silly addNameRange     '2.6.1' ] ]
321 silly addNamed ejs@2.6.1
322 verbose addNamed "2.6.1" is a plain semver version for ejs
323 verbose get https://registry.npmjs.org/fs not expired, no request
324 http fetch 200 https://registry.npmjs.org/imagemagick/-/imagemagick-0.1.3.tgz
325 silly resolveWithNewModule csv-parse@2.5.0 checking installable status
326 silly cache add args [ 'csv-parse@^2.4.0', null ]
327 verbose cache add spec csv-parse@^2.4.0
328 silly cache add parsed spec Result {
328 silly cache add   raw: 'csv-parse@^2.4.0',
328 silly cache add   scope: null,
328 silly cache add   escapedName: 'csv-parse',
328 silly cache add   name: 'csv-parse',
328 silly cache add   rawSpec: '^2.4.0',
328 silly cache add   spec: '>=2.4.0 <3.0.0',
328 silly cache add   type: 'range' }
329 silly addNamed csv-parse@>=2.4.0 <3.0.0
330 verbose addNamed ">=2.4.0 <3.0.0" is a valid semver range for csv-parse
331 silly addNameRange { name: 'csv-parse', range: '>=2.4.0 <3.0.0', hasData: false }
332 silly mapToRegistry name csv-parse
333 silly mapToRegistry using default registry
334 silly mapToRegistry registry https://registry.npmjs.org/
335 silly mapToRegistry data Result {
335 silly mapToRegistry   raw: 'csv-parse',
335 silly mapToRegistry   scope: null,
335 silly mapToRegistry   escapedName: 'csv-parse',
335 silly mapToRegistry   name: 'csv-parse',
335 silly mapToRegistry   rawSpec: '',
335 silly mapToRegistry   spec: 'latest',
335 silly mapToRegistry   type: 'tag' }
336 silly mapToRegistry uri https://registry.npmjs.org/csv-parse
337 verbose addNameRange registry:https://registry.npmjs.org/csv-parse not in flight; fetching
338 info retry fetch attempt 1 at 2:56:52 PM
339 info attempt registry request try #1 at 2:56:52 PM
340 http fetch GET https://registry.npmjs.org/formidable/-/formidable-1.2.1.tgz
341 silly cache afterAdd async@2.6.1
342 verbose afterAdd /home/crossplatform/.npm/async/2.6.1/package/package.json not in flight; writing
343 verbose correctMkdir /home/crossplatform/.npm correctMkdir not in flight; initializing
344 verbose afterAdd /home/crossplatform/.npm/csv/3.1.0/package/package.json written
345 silly cache afterAdd ejs@2.6.1
346 verbose afterAdd /home/crossplatform/.npm/ejs/2.6.1/package/package.json not in flight; writing
347 verbose correctMkdir /home/crossplatform/.npm correctMkdir not in flight; initializing
348 verbose get https://registry.npmjs.org/csv-parse not expired, no request
349 silly addNameRange number 2 { name: 'csv-parse', range: '>=2.4.0 <3.0.0', hasData: true }
350 silly addNameRange versions [ 'csv-parse',
350 silly addNameRange   [ '0.0.0',
350 silly addNameRange     '0.0.1',
350 silly addNameRange     '0.0.2',
350 silly addNameRange     '0.0.3',
350 silly addNameRange     '0.0.4',
350 silly addNameRange     '0.0.5',
350 silly addNameRange     '0.0.6',
350 silly addNameRange     '0.0.8',
350 silly addNameRange     '0.0.9',
350 silly addNameRange     '0.1.0',
350 silly addNameRange     '0.1.1',
350 silly addNameRange     '0.1.2',
350 silly addNameRange     '0.1.3',
350 silly addNameRange     '0.1.4',
350 silly addNameRange     '1.0.0',
350 silly addNameRange     '1.0.1',
350 silly addNameRange     '1.0.2',
350 silly addNameRange     '1.0.3',
350 silly addNameRange     '1.0.4',
350 silly addNameRange     '1.0.5',
350 silly addNameRange     '1.0.6',
350 silly addNameRange     '1.1.0',
350 silly addNameRange     '1.1.1',
350 silly addNameRange     '1.1.2',
350 silly addNameRange     '1.1.3',
350 silly addNameRange     '1.1.4',
350 silly addNameRange     '1.1.5',
350 silly addNameRange     '1.1.6',
350 silly addNameRange     '1.1.7',
350 silly addNameRange     '1.1.8',
350 silly addNameRange     '1.1.9',
350 silly addNameRange     '1.1.10',
350 silly addNameRange     '1.1.11',
350 silly addNameRange     '1.1.12',
350 silly addNameRange     '1.2.0',
350 silly addNameRange     '1.2.1',
350 silly addNameRange     '1.2.2',
350 silly addNameRange     '1.2.3',
350 silly addNameRange     '1.2.4',
350 silly addNameRange     '1.3.0',
350 silly addNameRange     '1.3.1',
350 silly addNameRange     '1.3.2',
350 silly addNameRange     '1.3.3',
350 silly addNameRange     '2.0.0',
350 silly addNameRange     '2.0.2',
350 silly addNameRange     '2.0.3',
350 silly addNameRange     '2.0.4',
350 silly addNameRange     '2.1.0',
350 silly addNameRange     '2.2.0',
350 silly addNameRange     '2.3.0',
350 silly addNameRange     '2.4.0',
350 silly addNameRange     '2.4.1',
350 silly addNameRange     '2.5.0' ] ]
351 silly addNamed csv-parse@2.5.0
352 verbose addNamed "2.5.0" is a plain semver version for csv-parse
353 silly mapToRegistry name csv-parse
354 silly mapToRegistry using default registry
355 silly mapToRegistry registry https://registry.npmjs.org/
356 silly mapToRegistry data Result {
356 silly mapToRegistry   raw: 'csv-parse',
356 silly mapToRegistry   scope: null,
356 silly mapToRegistry   escapedName: 'csv-parse',
356 silly mapToRegistry   name: 'csv-parse',
356 silly mapToRegistry   rawSpec: '',
356 silly mapToRegistry   spec: 'latest',
356 silly mapToRegistry   type: 'tag' }
357 silly mapToRegistry uri https://registry.npmjs.org/csv-parse
358 verbose addRemoteTarball https://registry.npmjs.org/csv-parse/-/csv-parse-2.5.0.tgz not in flight; adding
359 verbose addRemoteTarball [ 'https://registry.npmjs.org/csv-parse/-/csv-parse-2.5.0.tgz',
359 verbose addRemoteTarball   '65748997ecc3719c594622db1b9ea0e2eb7d56bb' ]
360 info retry fetch attempt 1 at 2:56:52 PM
361 info attempt registry request try #1 at 2:56:52 PM
362 http fetch GET https://registry.npmjs.org/base64-img/-/base64-img-1.0.4.tgz
363 http fetch 200 https://registry.npmjs.org/formidable/-/formidable-1.2.1.tgz
364 info retry fetch attempt 1 at 2:56:52 PM
365 info attempt registry request try #1 at 2:56:52 PM
366 http fetch GET https://registry.npmjs.org/csv-parse/-/csv-parse-2.5.0.tgz
367 verbose afterAdd /home/crossplatform/.npm/async/2.6.1/package/package.json written
368 http 200 https://registry.npmjs.org/easyimage
369 verbose headers { date: 'Wed, 13 Jun 2018 14:56:52 GMT',
369 verbose headers   'content-type': 'application/json; charset=UTF-8',
369 verbose headers   'transfer-encoding': 'chunked',
369 verbose headers   connection: 'keep-alive',
369 verbose headers   'set-cookie': [ '__cfduid=d5119f969149a4b22fb7a974ca83782c21528901811; expires=Thu, 13-Jun-19 14:56:51 GMT; path=/; domain=.registry.npmjs.org; HttpOnly' ],
369 verbose headers   'cache-control': 'max-age=300',
369 verbose headers   'cf-cache-status': 'HIT',
369 verbose headers   'cf-ray': '42a56804beeb2a85-SEA',
369 verbose headers   etag: 'W/"8cf414d249939764af37ad29f1df74b7"',
369 verbose headers   'expect-ct': 'max-age=604800, report-uri="https://report-uri.cloudflare.com/cdn-cgi/beacon/expect-ct"',
369 verbose headers   'last-modified': 'Sat, 26 May 2018 22:41:27 GMT',
369 verbose headers   vary: 'accept-encoding, accept',
369 verbose headers   server: 'cloudflare',
369 verbose headers   'content-encoding': 'gzip' }
370 silly get cb [ 200,
370 silly get   { date: 'Wed, 13 Jun 2018 14:56:52 GMT',
370 silly get     'content-type': 'application/json; charset=UTF-8',
370 silly get     'transfer-encoding': 'chunked',
370 silly get     connection: 'keep-alive',
370 silly get     'set-cookie': [ '__cfduid=d5119f969149a4b22fb7a974ca83782c21528901811; expires=Thu, 13-Jun-19 14:56:51 GMT; path=/; domain=.registry.npmjs.org; HttpOnly' ],
370 silly get     'cache-control': 'max-age=300',
370 silly get     'cf-cache-status': 'HIT',
370 silly get     'cf-ray': '42a56804beeb2a85-SEA',
370 silly get     etag: 'W/"8cf414d249939764af37ad29f1df74b7"',
370 silly get     'expect-ct': 'max-age=604800, report-uri="https://report-uri.cloudflare.com/cdn-cgi/beacon/expect-ct"',
370 silly get     'last-modified': 'Sat, 26 May 2018 22:41:27 GMT',
370 silly get     vary: 'accept-encoding, accept',
370 silly get     server: 'cloudflare',
370 silly get     'content-encoding': 'gzip' } ]
371 verbose get saving easyimage to /home/crossplatform/.npm/registry.npmjs.org/easyimage/.cache.json
372 verbose correctMkdir /home/crossplatform/.npm correctMkdir not in flight; initializing
373 silly fetchAndShaCheck shasum 7483cea093b4d9f2e2f396857adc8821b537c56a
374 silly cache afterAdd fs@0.0.1-security
375 verbose afterAdd /home/crossplatform/.npm/fs/0.0.1-security/package/package.json not in flight; writing
376 verbose correctMkdir /home/crossplatform/.npm correctMkdir not in flight; initializing
377 verbose afterAdd /home/crossplatform/.npm/ejs/2.6.1/package/package.json written
378 verbose addTmpTarball /tmp/npm-30138-b0741502/registry.npmjs.org/imagemagick/-/imagemagick-0.1.3.tgz not in flight; adding
379 verbose addTmpTarball already have metadata; skipping unpack for imagemagick@0.1.3
380 verbose correctMkdir /home/crossplatform/.npm correctMkdir not in flight; initializing
381 http fetch 200 https://registry.npmjs.org/base64-img/-/base64-img-1.0.4.tgz
382 http fetch 200 https://registry.npmjs.org/csv-parse/-/csv-parse-2.5.0.tgz
383 silly fetchAndShaCheck shasum 70fb7ca0290ee6ff961090415f4b3df3d2082659
384 silly fetchAndShaCheck shasum 3e22d55d6c74a24553d840d2b1bc12a7db078d35
385 verbose addTmpTarball /tmp/npm-30138-b0741502/registry.npmjs.org/formidable/-/formidable-1.2.1.tgz not in flight; adding
386 verbose addTmpTarball already have metadata; skipping unpack for formidable@1.2.1
387 verbose correctMkdir /home/crossplatform/.npm correctMkdir not in flight; initializing
388 silly resolveWithNewModule easyimage@3.1.0 checking installable status
389 silly cache add args [ 'easyimage@^3.1.0', null ]
390 verbose cache add spec easyimage@^3.1.0
391 silly cache add parsed spec Result {
391 silly cache add   raw: 'easyimage@^3.1.0',
391 silly cache add   scope: null,
391 silly cache add   escapedName: 'easyimage',
391 silly cache add   name: 'easyimage',
391 silly cache add   rawSpec: '^3.1.0',
391 silly cache add   spec: '>=3.1.0 <4.0.0',
391 silly cache add   type: 'range' }
392 silly addNamed easyimage@>=3.1.0 <4.0.0
393 verbose addNamed ">=3.1.0 <4.0.0" is a valid semver range for easyimage
394 silly addNameRange { name: 'easyimage', range: '>=3.1.0 <4.0.0', hasData: false }
395 silly mapToRegistry name easyimage
396 silly mapToRegistry using default registry
397 silly mapToRegistry registry https://registry.npmjs.org/
398 silly mapToRegistry data Result {
398 silly mapToRegistry   raw: 'easyimage',
398 silly mapToRegistry   scope: null,
398 silly mapToRegistry   escapedName: 'easyimage',
398 silly mapToRegistry   name: 'easyimage',
398 silly mapToRegistry   rawSpec: '',
398 silly mapToRegistry   spec: 'latest',
398 silly mapToRegistry   type: 'tag' }
399 silly mapToRegistry uri https://registry.npmjs.org/easyimage
400 verbose addNameRange registry:https://registry.npmjs.org/easyimage not in flight; fetching
401 verbose afterAdd /home/crossplatform/.npm/fs/0.0.1-security/package/package.json written
402 verbose addTmpTarball /tmp/npm-30138-b0741502/registry.npmjs.org/base64-img/-/base64-img-1.0.4.tgz not in flight; adding
403 verbose addTmpTarball already have metadata; skipping unpack for base64-img@1.0.4
404 verbose correctMkdir /home/crossplatform/.npm correctMkdir not in flight; initializing
405 silly fetchAndShaCheck shasum 65748997ecc3719c594622db1b9ea0e2eb7d56bb
406 verbose get https://registry.npmjs.org/easyimage not expired, no request
407 silly addNameRange number 2 { name: 'easyimage', range: '>=3.1.0 <4.0.0', hasData: true }
408 silly addNameRange versions [ 'easyimage',
408 silly addNameRange   [ '0.0.1',
408 silly addNameRange     '0.0.2',
408 silly addNameRange     '0.0.3',
408 silly addNameRange     '0.0.4',
408 silly addNameRange     '0.0.5',
408 silly addNameRange     '0.0.6',
408 silly addNameRange     '0.0.7',
408 silly addNameRange     '0.0.8',
408 silly addNameRange     '0.0.9',
408 silly addNameRange     '0.1.0',
408 silly addNameRange     '0.1.1',
408 silly addNameRange     '0.1.2',
408 silly addNameRange     '0.1.3',
408 silly addNameRange     '0.1.4',
408 silly addNameRange     '0.1.5',
408 silly addNameRange     '0.1.6',
408 silly addNameRange     '0.1.7',
408 silly addNameRange     '1.0.0',
408 silly addNameRange     '1.0.1',
408 silly addNameRange     '1.0.2',
408 silly addNameRange     '1.0.3',
408 silly addNameRange     '1.0.4',
408 silly addNameRange     '1.1.0',
408 silly addNameRange     '1.1.1',
408 silly addNameRange     '1.2.0',
408 silly addNameRange     '1.2.1',
408 silly addNameRange     '1.2.2',
408 silly addNameRange     '1.3.0',
408 silly addNameRange     '1.4.0',
408 silly addNameRange     '2.0.0',
408 silly addNameRange     '2.0.1',
408 silly addNameRange     '2.0.2',
408 silly addNameRange     '2.0.3',
408 silly addNameRange     '2.1.0',
408 silly addNameRange     '2.2.0',
408 silly addNameRange     '3.0.0',
408 silly addNameRange     '2.2.1',
408 silly addNameRange     '3.0.1',
408 silly addNameRange     '3.1.0' ] ]
409 silly addNamed easyimage@3.1.0
410 verbose addNamed "3.1.0" is a plain semver version for easyimage
411 silly mapToRegistry name easyimage
412 silly mapToRegistry using default registry
413 silly mapToRegistry registry https://registry.npmjs.org/
414 silly mapToRegistry data Result {
414 silly mapToRegistry   raw: 'easyimage',
414 silly mapToRegistry   scope: null,
414 silly mapToRegistry   escapedName: 'easyimage',
414 silly mapToRegistry   name: 'easyimage',
414 silly mapToRegistry   rawSpec: '',
414 silly mapToRegistry   spec: 'latest',
414 silly mapToRegistry   type: 'tag' }
415 silly mapToRegistry uri https://registry.npmjs.org/easyimage
416 verbose addRemoteTarball https://registry.npmjs.org/easyimage/-/easyimage-3.1.0.tgz not in flight; adding
417 verbose addRemoteTarball [ 'https://registry.npmjs.org/easyimage/-/easyimage-3.1.0.tgz',
417 verbose addRemoteTarball   '19a2929b4c34ba657e24493fb709416745fe21b3' ]
418 verbose addTmpTarball /tmp/npm-30138-b0741502/registry.npmjs.org/csv-parse/-/csv-parse-2.5.0.tgz not in flight; adding
419 verbose addTmpTarball already have metadata; skipping unpack for csv-parse@2.5.0
420 verbose correctMkdir /home/crossplatform/.npm correctMkdir not in flight; initializing
421 info retry fetch attempt 1 at 2:56:52 PM
422 info attempt registry request try #1 at 2:56:52 PM
423 http fetch GET https://registry.npmjs.org/easyimage/-/easyimage-3.1.0.tgz
424 silly cache afterAdd imagemagick@0.1.3
425 verbose afterAdd /home/crossplatform/.npm/imagemagick/0.1.3/package/package.json not in flight; writing
426 verbose correctMkdir /home/crossplatform/.npm correctMkdir not in flight; initializing
427 verbose afterAdd /home/crossplatform/.npm/imagemagick/0.1.3/package/package.json written
428 silly cache afterAdd formidable@1.2.1
429 verbose afterAdd /home/crossplatform/.npm/formidable/1.2.1/package/package.json not in flight; writing
430 verbose correctMkdir /home/crossplatform/.npm correctMkdir not in flight; initializing
431 silly cache afterAdd csv-parse@2.5.0
432 verbose afterAdd /home/crossplatform/.npm/csv-parse/2.5.0/package/package.json not in flight; writing
433 verbose correctMkdir /home/crossplatform/.npm correctMkdir not in flight; initializing
434 http fetch 200 https://registry.npmjs.org/easyimage/-/easyimage-3.1.0.tgz
435 verbose afterAdd /home/crossplatform/.npm/formidable/1.2.1/package/package.json written
436 verbose afterAdd /home/crossplatform/.npm/csv-parse/2.5.0/package/package.json written
437 silly fetchAndShaCheck shasum 19a2929b4c34ba657e24493fb709416745fe21b3
438 verbose addTmpTarball /tmp/npm-30138-b0741502/registry.npmjs.org/easyimage/-/easyimage-3.1.0.tgz not in flight; adding
439 verbose addTmpTarball already have metadata; skipping unpack for easyimage@3.1.0
440 verbose correctMkdir /home/crossplatform/.npm correctMkdir not in flight; initializing
441 silly cache afterAdd base64-img@1.0.4
442 verbose afterAdd /home/crossplatform/.npm/base64-img/1.0.4/package/package.json not in flight; writing
443 verbose correctMkdir /home/crossplatform/.npm correctMkdir not in flight; initializing
444 verbose afterAdd /home/crossplatform/.npm/base64-img/1.0.4/package/package.json written
445 silly cache afterAdd easyimage@3.1.0
446 verbose afterAdd /home/crossplatform/.npm/easyimage/3.1.0/package/package.json not in flight; writing
447 verbose correctMkdir /home/crossplatform/.npm correctMkdir not in flight; initializing
448 verbose afterAdd /home/crossplatform/.npm/easyimage/3.1.0/package/package.json written
449 http 304 https://registry.npmjs.org/loadsh
450 verbose headers { date: 'Wed, 13 Jun 2018 14:56:56 GMT',
450 verbose headers   connection: 'keep-alive',
450 verbose headers   'set-cookie': [ '__cfduid=d693a721f2a8ba4a9caa87b0c8ec433ee1528901811; expires=Thu, 13-Jun-19 14:56:51 GMT; path=/; domain=.registry.npmjs.org; HttpOnly' ],
450 verbose headers   'cache-control': 'max-age=300',
450 verbose headers   'cf-cache-status': 'MISS',
450 verbose headers   'cf-ray': '42a56804db6d2a2b-SEA',
450 verbose headers   etag: '"1dc200c57b754378411eec10395ea959"',
450 verbose headers   'expect-ct': 'max-age=604800, report-uri="https://report-uri.cloudflare.com/cdn-cgi/beacon/expect-ct"',
450 verbose headers   'last-modified': 'Tue, 05 Jun 2018 22:49:38 GMT',
450 verbose headers   vary: 'accept-encoding, accept',
450 verbose headers   server: 'cloudflare' }
451 silly get cb [ 304,
451 silly get   { date: 'Wed, 13 Jun 2018 14:56:56 GMT',
451 silly get     connection: 'keep-alive',
451 silly get     'set-cookie': [ '__cfduid=d693a721f2a8ba4a9caa87b0c8ec433ee1528901811; expires=Thu, 13-Jun-19 14:56:51 GMT; path=/; domain=.registry.npmjs.org; HttpOnly' ],
451 silly get     'cache-control': 'max-age=300',
451 silly get     'cf-cache-status': 'MISS',
451 silly get     'cf-ray': '42a56804db6d2a2b-SEA',
451 silly get     etag: '"1dc200c57b754378411eec10395ea959"',
451 silly get     'expect-ct': 'max-age=604800, report-uri="https://report-uri.cloudflare.com/cdn-cgi/beacon/expect-ct"',
451 silly get     'last-modified': 'Tue, 05 Jun 2018 22:49:38 GMT',
451 silly get     vary: 'accept-encoding, accept',
451 silly get     server: 'cloudflare' } ]
452 verbose etag https://registry.npmjs.org/loadsh from cache
453 verbose get saving loadsh to /home/crossplatform/.npm/registry.npmjs.org/loadsh/.cache.json
454 verbose correctMkdir /home/crossplatform/.npm correctMkdir not in flight; initializing
455 verbose stack TypeError: Cannot convert undefined or null to object
455 verbose stack     at pickVersionFromRegistryDocument (/usr/lib/node_modules/npm/lib/fetch-package-metadata.js:125:29)
455 verbose stack     at /usr/lib/node_modules/npm/node_modules/iferr/index.js:13:50
455 verbose stack     at /usr/lib/node_modules/npm/lib/utils/pulse-till-done.js:20:8
455 verbose stack     at saved (/usr/lib/node_modules/npm/lib/cache/caching-client.js:174:7)
455 verbose stack     at /usr/lib/node_modules/npm/node_modules/graceful-fs/polyfills.js:241:18
455 verbose stack     at FSReqWrap.oncomplete (fs.js:123:15)
456 verbose cwd /home/crossplatform/Backend
457 error Linux 4.4.0-1060-aws
458 error argv "/usr/bin/node" "/usr/bin/npm" "install"
459 error node v6.11.4
460 error npm  v3.10.10
461 error Cannot convert undefined or null to object
462 error If you need help, you may report this error at:
462 error     <https://github.com/npm/npm/issues>
463 verbose exit [ 1, true ]
